2018-03-30 11:29:21,968 org.docx4j.openpackaging.packages.OpcPackage [main] ERROR docx4j.openpackaging.packages.OpcPackage -D:\HelloWord14.docx (系统找不到指定的文件。)
java.io.FileNotFoundException: D:\HelloWord14.docx (系统找不到指定的文件。)
	at java.io.FileInputStream.open(Native Method)
	at java.io.FileInputStream.<init>(FileInputStream.java:146)
	at org.docx4j.openpackaging.packages.OpcPackage.load(OpcPackage.java:270)
	at org.docx4j.openpackaging.packages.OpcPackage.load(OpcPackage.java:250)
	at org.docx4j.openpackaging.packages.WordprocessingMLPackage.load(WordprocessingMLPackage.java:172)
	at org.docx4j.template.io.WordprocessingMLTemplateWriter.writeToString(WordprocessingMLTemplateWriter.java:44)
	at org.docx4j.template.WordprocessingMLTemplateWriter_Test.test(WordprocessingMLTemplateWriter_Test.java:39)
	at sun.reflect.NativeMethodAccessorImpl.invoke0(Native Method)
	at sun.reflect.NativeMethodAccessorImpl.invoke(NativeMethodAccessorImpl.java:57)
	at sun.reflect.DelegatingMethodAccessorImpl.invoke(DelegatingMethodAccessorImpl.java:43)
	at java.lang.reflect.Method.invoke(Method.java:606)
	at org.junit.runners.model.FrameworkMethod$1.runReflectiveCall(FrameworkMethod.java:50)
	at org.junit.internal.runners.model.ReflectiveCallable.run(ReflectiveCallable.java:12)
	at org.junit.runners.model.FrameworkMethod.invokeExplosively(FrameworkMethod.java:47)
	at org.junit.internal.runners.statements.InvokeMethod.evaluate(InvokeMethod.java:17)
	at org.junit.internal.runners.statements.RunBefores.evaluate(RunBefores.java:26)
	at org.junit.internal.runners.statements.RunAfters.evaluate(RunAfters.java:27)
	at org.junit.runners.ParentRunner.runLeaf(ParentRunner.java:325)
	at org.junit.runners.BlockJUnit4ClassRunner.runChild(BlockJUnit4ClassRunner.java:78)
	at org.junit.runners.BlockJUnit4ClassRunner.runChild(BlockJUnit4ClassRunner.java:57)
	at org.junit.runners.ParentRunner$3.run(ParentRunner.java:290)
	at org.junit.runners.ParentRunner$1.schedule(ParentRunner.java:71)
	at org.junit.runners.ParentRunner.runChildren(ParentRunner.java:288)
	at org.junit.runners.ParentRunner.access$000(ParentRunner.java:58)
	at org.junit.runners.ParentRunner$2.evaluate(ParentRunner.java:268)
	at org.junit.runners.ParentRunner.run(ParentRunner.java:363)
	at org.eclipse.jdt.internal.junit4.runner.JUnit4TestReference.run(JUnit4TestReference.java:86)
	at org.eclipse.jdt.internal.junit.runner.TestExecution.run(TestExecution.java:38)
	at org.eclipse.jdt.internal.junit.runner.RemoteTestRunner.runTests(RemoteTestRunner.java:538)
	at org.eclipse.jdt.internal.junit.runner.RemoteTestRunner.runTests(RemoteTestRunner.java:760)
	at org.eclipse.jdt.internal.junit.runner.RemoteTestRunner.run(RemoteTestRunner.java:460)
	at org.eclipse.jdt.internal.junit.runner.RemoteTestRunner.main(RemoteTestRunner.java:206)
2018-03-30 11:36:28,967 org.docx4j.openpackaging.io3.stores.ZipPartStore [main] ERROR 4j.openpackaging.io3.stores.ZipPartStore -Unexpected end of ZLIB input stream
2018-03-30 11:37:56,166 org.docx4j.openpackaging.io3.stores.ZipPartStore [main] ERROR 4j.openpackaging.io3.stores.ZipPartStore -Unexpected end of ZLIB input stream
